# JRE version: Java(TM) SE Runtime Environment (8.0_144-b01) (build 1.8.0_144-b01)
# Java VM: Java HotSpot(TM) 64-Bit Server VM (25.144-b01 mixed mode windows-amd64 compressed oops)
Heap:
 PSYoungGen      total 141824K, used 21663K [0x000000076ae00000, 0x000000077c400000, 0x00000007c0000000)
  eden space 131072K, 16% used [0x000000076ae00000,0x000000076c327c80,0x0000000772e00000)
  from space 10752K, 0% used [0x0000000772e00000,0x0000000772e00000,0x0000000773880000)
  to   space 11264K, 0% used [0x000000077b900000,0x000000077b900000,0x000000077c400000)
 ParOldGen       total 130048K, used 36748K [0x00000006c0a00000, 0x00000006c8900000, 0x000000076ae00000)
  object space 130048K, 28% used [0x00000006c0a00000,0x00000006c2de3168,0x00000006c8900000)
 Metaspace       used 22466K, capacity 23302K, committed 23424K, reserved 1069056K
  class space    used 2945K, capacity 3149K, committed 3200K, reserved 1048576K
GC Heap History (10 events):
Event: 93.907 GC heap before
{Heap before GC invocations=2 (full 0):
 PSYoungGen      total 76288K, used 74940K [0x000000076ae00000, 0x0000000770300000, 0x00000007c0000000)
  eden space 65536K, 99% used [0x000000076ae00000,0x000000076edfb288,0x000000076ee00000)
  from space 10752K, 87% used [0x000000076ee00000,0x000000076f734080,0x000000076f880000)
  to   space 10752K, 0% used [0x000000076f880000,0x000000076f880000,0x0000000770300000)
 ParOldGen       total 175104K, used 27728K [0x00000006c0a00000, 0x00000006cb500000, 0x000000076ae00000)
  object space 175104K, 15% used [0x00000006c0a00000,0x00000006c2514020,0x00000006cb500000)
 Metaspace       used 18717K, capacity 19478K, committed 19712K, reserved 1067008K
  class space    used 2541K, capacity 2743K, committed 2816K, reserved 1048576K
Event: 93.913 GC heap after
Heap after GC invocations=2 (full 0):
 PSYoungGen      total 76288K, used 10159K [0x000000076ae00000, 0x0000000770300000, 0x00000007c0000000)
  eden space 65536K, 0% used [0x000000076ae00000,0x000000076ae00000,0x000000076ee00000)
  from space 10752K, 94% used [0x000000076f880000,0x000000077026bde0,0x0000000770300000)
  to   space 10752K, 0% used [0x000000076ee00000,0x000000076ee00000,0x000000076f880000)
 ParOldGen       total 175104K, used 27736K [0x00000006c0a00000, 0x00000006cb500000, 0x000000076ae00000)
  object space 175104K, 15% used [0x00000006c0a00000,0x00000006c2516020,0x00000006cb500000)
 Metaspace       used 18717K, capacity 19478K, committed 19712K, reserved 1067008K
  class space    used 2541K, capacity 2743K, committed 2816K, reserved 1048576K
}
Event: 93.928 GC heap before
{Heap before GC invocations=3 (full 0):
 PSYoungGen      total 76288K, used 75652K [0x000000076ae00000, 0x0000000770300000, 0x00000007c0000000)
  eden space 65536K, 99% used [0x000000076ae00000,0x000000076edf55d0,0x000000076ee00000)
  from space 10752K, 94% used [0x000000076f880000,0x000000077026bde0,0x0000000770300000)
  to   space 10752K, 0% used [0x000000076ee00000,0x000000076ee00000,0x000000076f880000)
 ParOldGen       total 175104K, used 27736K [0x00000006c0a00000, 0x00000006cb500000, 0x000000076ae00000)
  object space 175104K, 15% used [0x00000006c0a00000,0x00000006c2516020,0x00000006cb500000)
 Metaspace       used 18718K, capacity 19478K, committed 19712K, reserved 1067008K
  class space    used 2541K, capacity 2743K, committed 2816K, reserved 1048576K
Event: 93.933 GC heap after
Heap after GC invocations=3 (full 0):
 PSYoungGen      total 76288K, used 10062K [0x000000076ae00000, 0x0000000774300000, 0x00000007c0000000)
  eden space 65536K, 0% used [0x000000076ae00000,0x000000076ae00000,0x000000076ee00000)
  from space 10752K, 93% used [0x000000076ee00000,0x000000076f7d3888,0x000000076f880000)
  to   space 10752K, 0% used [0x0000000773880000,0x0000000773880000,0x0000000774300000)
 ParOldGen       total 175104K, used 27744K [0x00000006c0a00000, 0x00000006cb500000, 0x000000076ae00000)
  object space 175104K, 15% used [0x00000006c0a00000,0x00000006c2518020,0x00000006cb500000)
 Metaspace       used 18718K, capacity 19478K, committed 19712K, reserved 1067008K
  class space    used 2541K, capacity 2743K, committed 2816K, reserved 1048576K
}
Event: 93.946 GC heap before
{Heap before GC invocations=4 (full 0):
 PSYoungGen      total 76288K, used 75591K [0x000000076ae00000, 0x0000000774300000, 0x00000007c0000000)
  eden space 65536K, 99% used [0x000000076ae00000,0x000000076edfe688,0x000000076ee00000)
  from space 10752K, 93% used [0x000000076ee00000,0x000000076f7d3888,0x000000076f880000)
  to   space 10752K, 0% used [0x0000000773880000,0x0000000773880000,0x0000000774300000)
 ParOldGen       total 175104K, used 27744K [0x00000006c0a00000, 0x00000006cb500000, 0x000000076ae00000)
  object space 175104K, 15% used [0x00000006c0a00000,0x00000006c2518020,0x00000006cb500000)
 Metaspace       used 18718K, capacity 19478K, committed 19712K, reserved 1067008K
  class space    used 2541K, capacity 2743K, committed 2816K, reserved 1048576K
Event: 93.951 GC heap after
Heap after GC invocations=4 (full 0):
 PSYoungGen      total 141824K, used 10077K [0x000000076ae00000, 0x0000000774300000, 0x00000007c0000000)
  eden space 131072K, 0% used [0x000000076ae00000,0x000000076ae00000,0x0000000772e00000)
  from space 10752K, 93% used [0x0000000773880000,0x0000000774257698,0x0000000774300000)
  to   space 10752K, 0% used [0x0000000772e00000,0x0000000772e00000,0x0000000773880000)
 ParOldGen       total 175104K, used 27752K [0x00000006c0a00000, 0x00000006cb500000, 0x000000076ae00000)
  object space 175104K, 15% used [0x00000006c0a00000,0x00000006c251a020,0x00000006cb500000)
 Metaspace       used 18718K, capacity 19478K, committed 19712K, reserved 1067008K
  class space    used 2541K, capacity 2743K, committed 2816K, reserved 1048576K
}
Event: 94.073 GC heap before
{Heap before GC invocations=5 (full 0):
 PSYoungGen      total 141824K, used 116548K [0x000000076ae00000, 0x0000000774300000, 0x00000007c0000000)
  eden space 131072K, 81% used [0x000000076ae00000,0x00000007715f9ca0,0x0000000772e00000)
  from space 10752K, 93% used [0x0000000773880000,0x0000000774257698,0x0000000774300000)
  to   space 10752K, 0% used [0x0000000772e00000,0x0000000772e00000,0x0000000773880000)
 ParOldGen       total 175104K, used 27752K [0x00000006c0a00000, 0x00000006cb500000, 0x000000076ae00000)
  object space 175104K, 15% used [0x00000006c0a00000,0x00000006c251a020,0x00000006cb500000)
 Metaspace       used 20486K, capacity 21174K, committed 21296K, reserved 1067008K
  class space    used 2728K, capacity 2903K, committed 2944K, reserved 1048576K
Event: 94.078 GC heap after
Heap after GC invocations=5 (full 0):
 PSYoungGen      total 141824K, used 10742K [0x000000076ae00000, 0x000000077c400000, 0x00000007c0000000)
  eden space 131072K, 0% used [0x000000076ae00000,0x000000076ae00000,0x0000000772e00000)
  from space 10752K, 99% used [0x0000000772e00000,0x000000077387db90,0x0000000773880000)
  to   space 11264K, 0% used [0x000000077b900000,0x000000077b900000,0x000000077c400000)
 ParOldGen       total 175104K, used 28152K [0x00000006c0a00000, 0x00000006cb500000, 0x000000076ae00000)
  object space 175104K, 16% used [0x00000006c0a00000,0x00000006c257e070,0x00000006cb500000)
 Metaspace       used 20486K, capacity 21174K, committed 21296K, reserved 1067008K
  class space    used 2728K, capacity 2903K, committed 2944K, reserved 1048576K
}
Event: 94.078 GC heap before
{Heap before GC invocations=6 (full 1):
 PSYoungGen      total 141824K, used 10742K [0x000000076ae00000, 0x000000077c400000, 0x00000007c0000000)
  eden space 131072K, 0% used [0x000000076ae00000,0x000000076ae00000,0x0000000772e00000)
  from space 10752K, 99% used [0x0000000772e00000,0x000000077387db90,0x0000000773880000)
  to   space 11264K, 0% used [0x000000077b900000,0x000000077b900000,0x000000077c400000)
 ParOldGen       total 175104K, used 28152K [0x00000006c0a00000, 0x00000006cb500000, 0x000000076ae00000)
  object space 175104K, 16% used [0x00000006c0a00000,0x00000006c257e070,0x00000006cb500000)
 Metaspace       used 20486K, capacity 21174K, committed 21296K, reserved 1067008K
  class space    used 2728K, capacity 2903K, committed 2944K, reserved 1048576K
Event: 94.103 GC heap after
Heap after GC invocations=6 (full 1):
 PSYoungGen      total 141824K, used 0K [0x000000076ae00000, 0x000000077c400000, 0x00000007c0000000)
  eden space 131072K, 0% used [0x000000076ae00000,0x000000076ae00000,0x0000000772e00000)
  from space 10752K, 0% used [0x0000000772e00000,0x0000000772e00000,0x0000000773880000)
  to   space 11264K, 0% used [0x000000077b900000,0x000000077b900000,0x000000077c400000)
 ParOldGen       total 130048K, used 36748K [0x00000006c0a00000, 0x00000006c8900000, 0x000000076ae00000)
  object space 130048K, 28% used [0x00000006c0a00000,0x00000006c2de3168,0x00000006c8900000)
 Metaspace       used 20486K, capacity 21174K, committed 21296K, reserved 1067008K
  class space    used 2728K, capacity 2903K, committed 2944K, reserved 1048576K
}

